# JRE version: Java(TM) SE Runtime Environment (8.0_202-b08) (build 1.8.0_202-b08)
# Java VM: Java HotSpot(TM) 64-Bit Server VM (25.202-b08 mixed mode windows-amd64 compressed oops)
Heap:
 PSYoungGen      total 292864K, used 2059K [0x00000000eb200000, 0x0000000100000000, 0x0000000100000000)
  eden space 273920K, 0% used [0x00000000eb200000,0x00000000eb200000,0x00000000fbd80000)
  from space 18944K, 10% used [0x00000000fbd80000,0x00000000fbf82dc8,0x00000000fd000000)
  to   space 18944K, 0% used [0x00000000fed80000,0x00000000fed80000,0x0000000100000000)
 ParOldGen       total 40960K, used 31325K [0x00000000c1600000, 0x00000000c3e00000, 0x00000000eb200000)
  object space 40960K, 76% used [0x00000000c1600000,0x00000000c34974b8,0x00000000c3e00000)
 Metaspace       used 55674K, capacity 58986K, committed 59028K, reserved 1099776K
  class space    used 7565K, capacity 8156K, committed 8192K, reserved 1048576K
GC Heap History (10 events):
Event: 8.377 GC heap after
Heap after GC invocations=11 (full 1):
 PSYoungGen      total 200704K, used 10511K [0x00000000eb200000, 0x00000000f8400000, 0x0000000100000000)
  eden space 189440K, 0% used [0x00000000eb200000,0x00000000eb200000,0x00000000f6b00000)
  from space 11264K, 93% used [0x00000000f7800000,0x00000000f8243f70,0x00000000f8300000)
  to   space 12800K, 0% used [0x00000000f6b00000,0x00000000f6b00000,0x00000000f7780000)
 ParOldGen       total 27136K, used 8570K [0x00000000c1600000, 0x00000000c3080000, 0x00000000eb200000)
  object space 27136K, 31% used [0x00000000c1600000,0x00000000c1e5ea30,0x00000000c3080000)
 Metaspace       used 32465K, capacity 34668K, committed 34944K, reserved 1079296K
  class space    used 4200K, capacity 4612K, committed 4736K, reserved 1048576K
}
Event: 8.612 GC heap before
{Heap before GC invocations=12 (full 1):
 PSYoungGen      total 200704K, used 17257K [0x00000000eb200000, 0x00000000f8400000, 0x0000000100000000)
  eden space 189440K, 3% used [0x00000000eb200000,0x00000000eb896880,0x00000000f6b00000)
  from space 11264K, 93% used [0x00000000f7800000,0x00000000f8243f70,0x00000000f8300000)
  to   space 12800K, 0% used [0x00000000f6b00000,0x00000000f6b00000,0x00000000f7780000)
 ParOldGen       total 27136K, used 8570K [0x00000000c1600000, 0x00000000c3080000, 0x00000000eb200000)
  object space 27136K, 31% used [0x00000000c1600000,0x00000000c1e5ea30,0x00000000c3080000)
 Metaspace       used 33148K, capacity 35364K, committed 35416K, reserved 1079296K
  class space    used 4311K, capacity 4714K, committed 4736K, reserved 1048576K
Event: 8.629 GC heap after
Heap after GC invocations=12 (full 1):
 PSYoungGen      total 202240K, used 726K [0x00000000eb200000, 0x00000000fdd00000, 0x0000000100000000)
  eden space 189440K, 0% used [0x00000000eb200000,0x00000000eb200000,0x00000000f6b00000)
  from space 12800K, 5% used [0x00000000f6b00000,0x00000000f6bb59e8,0x00000000f7780000)
  to   space 12800K, 0% used [0x00000000fd080000,0x00000000fd080000,0x00000000fdd00000)
 ParOldGen       total 27136K, used 16291K [0x00000000c1600000, 0x00000000c3080000, 0x00000000eb200000)
  object space 27136K, 60% used [0x00000000c1600000,0x00000000c25e8e60,0x00000000c3080000)
 Metaspace       used 33148K, capacity 35364K, committed 35416K, reserved 1079296K
  class space    used 4311K, capacity 4714K, committed 4736K, reserved 1048576K
}
Event: 8.629 GC heap before
{Heap before GC invocations=13 (full 2):
 PSYoungGen      total 202240K, used 726K [0x00000000eb200000, 0x00000000fdd00000, 0x0000000100000000)
  eden space 189440K, 0% used [0x00000000eb200000,0x00000000eb200000,0x00000000f6b00000)
  from space 12800K, 5% used [0x00000000f6b00000,0x00000000f6bb59e8,0x00000000f7780000)
  to   space 12800K, 0% used [0x00000000fd080000,0x00000000fd080000,0x00000000fdd00000)
 ParOldGen       total 27136K, used 16291K [0x00000000c1600000, 0x00000000c3080000, 0x00000000eb200000)
  object space 27136K, 60% used [0x00000000c1600000,0x00000000c25e8e60,0x00000000c3080000)
 Metaspace       used 33148K, capacity 35364K, committed 35416K, reserved 1079296K
  class space    used 4311K, capacity 4714K, committed 4736K, reserved 1048576K
Event: 8.730 GC heap after
Heap after GC invocations=13 (full 2):
 PSYoungGen      total 202240K, used 0K [0x00000000eb200000, 0x00000000fdd00000, 0x0000000100000000)
  eden space 189440K, 0% used [0x00000000eb200000,0x00000000eb200000,0x00000000f6b00000)
  from space 12800K, 0% used [0x00000000f6b00000,0x00000000f6b00000,0x00000000f7780000)
  to   space 12800K, 0% used [0x00000000fd080000,0x00000000fd080000,0x00000000fdd00000)
 ParOldGen       total 40960K, used 12444K [0x00000000c1600000, 0x00000000c3e00000, 0x00000000eb200000)
  object space 40960K, 30% used [0x00000000c1600000,0x00000000c2227138,0x00000000c3e00000)
 Metaspace       used 33148K, capacity 35364K, committed 35416K, reserved 1079296K
  class space    used 4311K, capacity 4714K, committed 4736K, reserved 1048576K
}
Event: 14.884 GC heap before
{Heap before GC invocations=14 (full 2):
 PSYoungGen      total 202240K, used 189440K [0x00000000eb200000, 0x00000000fdd00000, 0x0000000100000000)
  eden space 189440K, 100% used [0x00000000eb200000,0x00000000f6b00000,0x00000000f6b00000)
  from space 12800K, 0% used [0x00000000f6b00000,0x00000000f6b00000,0x00000000f7780000)
  to   space 12800K, 0% used [0x00000000fd080000,0x00000000fd080000,0x00000000fdd00000)
 ParOldGen       total 40960K, used 12444K [0x00000000c1600000, 0x00000000c3e00000, 0x00000000eb200000)
  object space 40960K, 30% used [0x00000000c1600000,0x00000000c2227138,0x00000000c3e00000)
 Metaspace       used 53866K, capacity 56722K, committed 57048K, reserved 1097728K
  class space    used 7279K, capacity 7816K, committed 7936K, reserved 1048576K
Event: 14.913 GC heap after
Heap after GC invocations=14 (full 2):
 PSYoungGen      total 286720K, used 12794K [0x00000000eb200000, 0x00000000fe280000, 0x0000000100000000)
  eden space 273920K, 0% used [0x00000000eb200000,0x00000000eb200000,0x00000000fbd80000)
  from space 12800K, 99% used [0x00000000fd080000,0x00000000fdcfe8b8,0x00000000fdd00000)
  to   space 18944K, 0% used [0x00000000fbd80000,0x00000000fbd80000,0x00000000fd000000)
 ParOldGen       total 40960K, used 23379K [0x00000000c1600000, 0x00000000c3e00000, 0x00000000eb200000)
  object space 40960K, 57% used [0x00000000c1600000,0x00000000c2cd4d08,0x00000000c3e00000)
 Metaspace       used 53866K, capacity 56722K, committed 57048K, reserved 1097728K
  class space    used 7279K, capacity 7816K, committed 7936K, reserved 1048576K
}
Event: 15.361 GC heap before
{Heap before GC invocations=15 (full 2):
 PSYoungGen      total 286720K, used 42702K [0x00000000eb200000, 0x00000000fe280000, 0x0000000100000000)
  eden space 273920K, 10% used [0x00000000eb200000,0x00000000ecf35328,0x00000000fbd80000)
  from space 12800K, 99% used [0x00000000fd080000,0x00000000fdcfe8b8,0x00000000fdd00000)
  to   space 18944K, 0% used [0x00000000fbd80000,0x00000000fbd80000,0x00000000fd000000)
 ParOldGen       total 40960K, used 23379K [0x00000000c1600000, 0x00000000c3e00000, 0x00000000eb200000)
  object space 40960K, 57% used [0x00000000c1600000,0x00000000c2cd4d08,0x00000000c3e00000)
 Metaspace       used 55674K, capacity 58986K, committed 59028K, reserved 1099776K
  class space    used 7565K, capacity 8156K, committed 8192K, reserved 1048576K
Event: 15.381 GC heap after
Heap after GC invocations=15 (full 2):
 PSYoungGen      total 292864K, used 2059K [0x00000000eb200000, 0x0000000100000000, 0x0000000100000000)
  eden space 273920K, 0% used [0x00000000eb200000,0x00000000eb200000,0x00000000fbd80000)
  from space 18944K, 10% used [0x00000000fbd80000,0x00000000fbf82dc8,0x00000000fd000000)
  to   space 18944K, 0% used [0x00000000fed80000,0x00000000fed80000,0x0000000100000000)
 ParOldGen       total 40960K, used 31325K [0x00000000c1600000, 0x00000000c3e00000, 0x00000000eb200000)
  object space 40960K, 76% used [0x00000000c1600000,0x00000000c34974b8,0x00000000c3e00000)
 Metaspace       used 55674K, capacity 58986K, committed 59028K, reserved 1099776K
  class space    used 7565K, capacity 8156K, committed 8192K, reserved 1048576K
}
Event: 15.381 GC heap before
{Heap before GC invocations=16 (full 3):
 PSYoungGen      total 292864K, used 2059K [0x00000000eb200000, 0x0000000100000000, 0x0000000100000000)
  eden space 273920K, 0% used [0x00000000eb200000,0x00000000eb200000,0x00000000fbd80000)
  from space 18944K, 10% used [0x00000000fbd80000,0x00000000fbf82dc8,0x00000000fd000000)
  to   space 18944K, 0% used [0x00000000fed80000,0x00000000fed80000,0x0000000100000000)
 ParOldGen       total 40960K, used 31325K [0x00000000c1600000, 0x00000000c3e00000, 0x00000000eb200000)
  object space 40960K, 76% used [0x00000000c1600000,0x00000000c34974b8,0x00000000c3e00000)
 Metaspace       used 55674K, capacity 58986K, committed 59028K, reserved 1099776K
  class space    used 7565K, capacity 8156K, committed 8192K, reserved 1048576K

